[2026-02-17 00:42:57] [INFO] ======================================
[2026-02-17 00:42:57] [INFO] Starting PGN parsing...
[2026-02-17 00:43:55] [INFO] Run finished    : cpp_test_lichess_rapid_elo2000.csv
[2026-02-17 00:43:55] [INFO] Total scanned   : 654278
[2026-02-17 00:43:55] [INFO] Total collected : 5000
[2026-02-17 00:43:55] [INFO] Total time      : 58 seconds
[2026-02-17 00:43:55] [INFO] Summary         : Scanned: 654278 | Collected: 5000 | 0.69% | Speed: 11281 g/s | Elapsed: 58 s | ETA: 8349 s
[2026-02-17 00:43:55] [INFO] ======================================

[2026-02-17 00:47:47] [INFO] ======================================
[2026-02-17 00:47:47] [INFO] Starting PGN parsing...
[2026-02-17 01:04:22] [INFO] Run finished    : cpp_lichess_rapid_elo2000.csv
[2026-02-17 01:04:22] [INFO] Total scanned   : 12994307
[2026-02-17 01:04:22] [INFO] Total collected : 100000
[2026-02-17 01:04:22] [INFO] Total time      : 995 seconds
[2026-02-17 01:04:22] [INFO] Summary         : Scanned: 12994307 | Collected: 100000 | 13.70% | Speed: 13060 g/s | Elapsed: 995 s | ETA: 6267 s
[2026-02-17 01:04:22] [INFO] ======================================

[2026-02-17 09:11:36] [INFO] ======================================
[2026-02-17 09:11:36] [INFO] Starting PGN parsing...
[2026-02-17 10:41:48] [INFO] Run finished    : cpp_lichess_rapid_elo2200.csv
[2026-02-17 10:41:48] [INFO] Total scanned   : 94842976
[2026-02-17 10:41:48] [INFO] Total collected : 127798
[2026-02-17 10:41:48] [INFO] Total time      : 5412 seconds
[2026-02-17 10:41:48] [INFO] Summary         : Scanned: 94842976 | Collected: 127798 | 100.00% | Speed: 17525 g/s | Elapsed: 5412 s | ETA: 0 s
[2026-02-17 10:41:48] [INFO] ======================================

[2026-02-17 13:47:08] [INFO] ======================================
[2026-02-17 13:47:08] [INFO] Starting PGN parsing...
[2026-02-17 14:08:03] [INFO] Run finished    : cpp_lichess_blitz_elo2200_100k.csv
[2026-02-17 14:08:03] [INFO] Total scanned   : 6201500
[2026-02-17 14:08:03] [INFO] Total collected : 100000
[2026-02-17 14:08:03] [INFO] Total time      : 1254 seconds
[2026-02-17 14:08:03] [INFO] Summary         : Scanned: 6201500 | Collected: 100000 | 6.54% | Speed: 4945 g/s | Elapsed: 1254 s | ETA: 17924 s
[2026-02-17 14:08:03] [INFO] ======================================

